<?xml version="1.0" encoding="UTF-8"?>
<!-- Generated by org.testng.reporters.JUnitReportReporter -->
<testsuite skipped="0" hostname="DESKTOP-HR7I1GP" name="helloWorld_Neha.TestHello" tests="1" failures="0" timestamp="2021-07-17T23:00:19 IST" time="0.012" errors="0">
  <testcase name="testHelloWorld" time="0.012" classname="helloWorld_Neha.TestHello"/>
  <system-out/>
</testsuite> <!-- helloWorld_Neha.TestHello -->
